Testing Document for 3-say_my_name.py
=====================================

Import the function:
       >>> say_my_name = __import__("3-say_my_name").say_my_name

Test 1: name argument only
     >>> say_my_name("Dan")
     My name is Dan

Test 2: two arguments
     >>> say_my_name("Eli", "Ala")
     My name is Eli Ala

Test 3: no arguments
     >>> say_my_name()
     Traceback (most recent call last):
     TypeError: say_my_name() missing 1 required positional argument: 'first_name'

Test 4: uncompatible type arguments
     >>> say_my_name(3, 4)
     Traceback (most recent call last):
     TypeError: first_name must be a string
